<?xml version="1.0" encoding="UTF-8"?>
<!-- Generated by org.testng.reporters.JUnitXMLReporter -->
<testsuite ignored="0" hostname="DESKTOP-FCN2S2B" failures="1" tests="2" name="ErrorValidations" time="61.729" errors="0" timestamp="2025-09-21T02:24:19 IST">
  <testcase classname="SeleniumFramework.tests.ErrorValidations" name="LoginErrorValidation" time="3.503">
    <failure type="java.lang.AssertionError" message="expected [Incorrect email or password.] but found [Incorrect email  password.]">
      <![CDATA[java.lang.AssertionError: expected [Incorrect email or password.] but found [Incorrect email  password.]
at SeleniumFramework.tests.ErrorValidations.LoginErrorValidation(ErrorValidations.java:23)
at java.base/java.util.ArrayList.forEach(ArrayList.java:1596)
at java.base/java.util.concurrent.FutureTask.run(FutureTask.java:317)
at java.base/java.util.concurrent.ThreadPoolExecutor.runWorker(ThreadPoolExecutor.java:1144)
at java.base/java.util.concurrent.ThreadPoolExecutor$Worker.run(ThreadPoolExecutor.java:642)
at java.base/java.lang.Thread.run(Thread.java:1583)
... Removed 21 stack frames]]>
    </failure>
  </testcase> <!-- LoginErrorValidation -->
  <testcase classname="SeleniumFramework.tests.ErrorValidations" name="ProductErrorValidation" time="27.368"/>
</testsuite> <!-- ErrorValidations -->
